<?xml version="1.0" encoding="UTF-8"?>
<testsuite name="HVL.Scheduler.SimulationTest" tests="2" skipped="0" failures="0" errors="0" timestamp="2023-10-18T19:44:09" hostname="iver-VirtualBox" time="0.02">
  <properties/>
  <testcase name="testFCFS()" classname="HVL.Scheduler.SimulationTest" time="0.02"/>
  <testcase name="testRR()" classname="HVL.Scheduler.SimulationTest" time="0.0"/>
  <system-out><![CDATA[]]></system-out>
  <system-err><![CDATA[]]></system-err>
</testsuite>
