<?xml version="1.0" encoding="UTF-8"?>
<testsuite name="HVL.Scheduler.SimulationTest" tests="2" skipped="0" failures="0" errors="0" timestamp="2023-10-30T10:40:01" hostname="iver-LAPQC71B" time="0.022">
  <properties/>
  <testcase name="testFCFS()" classname="HVL.Scheduler.SimulationTest" time="0.017"/>
  <testcase name="testRR()" classname="HVL.Scheduler.SimulationTest" time="0.004"/>
  <system-out><![CDATA[]]></system-out>
  <system-err><![CDATA[]]></system-err>
</testsuite>
