<?xml version="1.0" encoding="UTF-8"?>
<testsuite name="HVL.Scheduler.SimulationTest" tests="1" skipped="0" failures="0" errors="0" timestamp="2023-10-13T13:58:12" hostname="158-37-197-45.hvl.no" time="0.013">
  <properties/>
  <testcase name="testFCFS()" classname="HVL.Scheduler.SimulationTest" time="0.013"/>
  <system-out><![CDATA[]]></system-out>
  <system-err><![CDATA[]]></system-err>
</testsuite>
