<?xml version="1.0" encoding="UTF-8"?>
<testsuite name="HVL.Scheduler.SimulationTest" tests="1" skipped="0" failures="0" errors="0" timestamp="2023-10-03T14:31:51" hostname="DESKTOP-BJSJB2K" time="0.765">
  <properties/>
  <testcase name="testRR()" classname="HVL.Scheduler.SimulationTest" time="0.765"/>
  <system-out><![CDATA[]]></system-out>
  <system-err><![CDATA[]]></system-err>
</testsuite>
