<?xml version="1.0" encoding="UTF-8"?>
<testsuite name="HVL.Scheduler.SimulationTest" tests="1" skipped="0" failures="0" errors="0" timestamp="2023-10-12T09:12:09" hostname="tamer-deen" time="0.035">
  <properties/>
  <testcase name="testFCFS()" classname="HVL.Scheduler.SimulationTest" time="0.035"/>
  <system-out><![CDATA[]]></system-out>
  <system-err><![CDATA[]]></system-err>
</testsuite>
